<?xml version="1.0" encoding="UTF-8"?>
<!-- Generated by org.testng.reporters.JUnitXMLReporter -->
<testsuite hostname="kilvidiacademy" ignored="0" name="Default test" tests="4" failures="0" timestamp="21 Aug 2018 22:55:32 GMT" time="69.672" errors="0">
  <testcase name="testClickOnNewContactsLink" time="5.744" classname="freeCRM_Cucumber_BDD_Test.testNewContactsPage"/>
  <testcase name="testCreateNewContacts" time="10.755" classname="freeCRM_Cucumber_BDD_Test.testNewContactsPage"/>
  <testcase name="testCreateNewContacts" time="10.662" classname="freeCRM_Cucumber_BDD_Test.testNewContactsPage"/>
  <testcase name="testCreateNewContacts" time="10.652" classname="freeCRM_Cucumber_BDD_Test.testNewContactsPage"/>
</testsuite> <!-- Default test -->
